<?xml version="1.0" encoding="UTF-8"?>
<!-- Generated by org.testng.reporters.JUnitXMLReporter -->
<testsuite ignored="0" hostname="Veronika" failures="0" tests="9" name="Thread #7" time="9.367" errors="0" timestamp="2023-03-21T21:22:49 MSK">
  <testcase classname="tests.LastPageTest" name="lastPageWorks" time="4.863"/>
  <testcase classname="tests.CheckoutPageTest" name="checkoutPageWorks" time="5.826"/>
  <testcase classname="tests.ProductsPageTest" name="productsPageWorks" time="5.256"/>
  <testcase classname="tests.LoginTest" name="loginWorks" time="4.334"/>
  <testcase classname="tests.CartPageTest" name="cartPageWorks" time="6.925"/>
  <testcase classname="tests.FinishPageTest" name="finishPageWorks" time="7.429"/>
  <testcase classname="tests.LoginTest" name="negativeLogin" time="1.501"/>
  <testcase classname="tests.CheckoutPageTest" name="negativeCheckout" time="3.052"/>
  <testcase classname="tests.BuyGoodsTest" name="sauceDemoWorks" time="4.484"/>
</testsuite> <!-- Thread #7 -->
