<?xml version="1.0" encoding="UTF-8"?>
<!-- Generated by org.testng.reporters.JUnitXMLReporter -->
<testsuite ignored="0" hostname="Veronika" failures="0" tests="4" name="Thread #4" time="34.947" errors="0" timestamp="2023-03-21T21:22:58 MSK">
  <testcase classname="tests.LoginTest" name="negativeLogin" time="2.287"/>
  <testcase classname="tests.CheckoutPageTest" name="negativeCheckout" time="1.893"/>
  <testcase classname="tests.LoginTest" name="negativeLogin" time="1.829"/>
  <testcase classname="tests.CheckoutPageTest" name="negativeCheckout" time="2.058"/>
</testsuite> <!-- Thread #4 -->
