<?xml version="1.0" encoding="UTF-8"?>
<!-- Generated by org.testng.reporters.JUnitXMLReporter -->
<testsuite ignored="0" hostname="Veronika" failures="0" tests="6" name="Thread #5" time="24.418" errors="0" timestamp="2023-03-21T21:20:49 MSK">
  <testcase classname="tests.ProductsPageTest" name="productsPageWorks" time="4.841"/>
  <testcase classname="tests.CheckoutPageTest" name="checkoutPageWorks" time="10.131"/>
  <testcase classname="tests.FinishPageTest" name="finishPageWorks" time="10.75"/>
  <testcase classname="tests.CartPageTest" name="cartPageWorks" time="9.829"/>
  <testcase classname="tests.LastPageTest" name="lastPageWorks" time="11.66"/>
  <testcase classname="tests.LoginTest" name="loginWorks" time="8.472"/>
</testsuite> <!-- Thread #5 -->
