<?xml version="1.0" encoding="UTF-8"?>
<testng-results ignored="0" total="11" passed="11" failed="0" skipped="0">
  <reporter-output>
  </reporter-output>
  <suite started-at="2023-03-21T21:22:23 MSK" name="Smoke Test" finished-at="2023-03-21T21:23:05 MSK" duration-ms="41377">
    <groups>
    </groups>
    <test started-at="2023-03-21T21:22:40 MSK" name="Thread #7" finished-at="2023-03-21T21:22:49 MSK" duration-ms="9367">
      <class name="tests.BuyGoodsTest">
        <test-method is-config="true" signature="setUp(java.lang.String, org.testng.ITestContext)[pri:0, instance:tests.BuyGoodsTest@36bc415e]" started-at="2023-03-21T21:22:40 MSK" name="setUp" finished-at="2023-03-21T21:22:43 MSK" duration-ms="3150" status="PASS">
          <params>
            <param index="0">
              <value>
                <![CDATA[chrome]]>
              </value>
            </param>
            <param index="1">
              <value>
                <![CDATA[org.testng.TestRunner@56de6d6b]]>
              </value>
            </param>
          </params>
          <reporter-output>
          </reporter-output>
        </test-method> <!-- setUp -->
        <test-method signature="sauceDemoWorks()[pri:0, instance:tests.BuyGoodsTest@36bc415e]" started-at="2023-03-21T21:22:43 MSK" name="sauceDemoWorks" description="Check that the Sauce Demo is working" finished-at="2023-03-21T21:22:48 MSK" duration-ms="4484" status="PASS">
          <reporter-output>
          </reporter-output>
        </test-method> <!-- sauceDemoWorks -->
        <test-method is-config="true" signature="tearDown()[pri:0, instance:tests.BuyGoodsTest@36bc415e]" started-at="2023-03-21T21:22:48 MSK" name="tearDown" finished-at="2023-03-21T21:22:49 MSK" duration-ms="1283" status="PASS">
          <reporter-output>
          </reporter-output>
        </test-method> <!-- tearDown -->
      </class> <!-- tests.BuyGoodsTest -->
    </test> <!-- Thread #7 -->
    <test started-at="2023-03-21T21:22:23 MSK" name="Thread #4" finished-at="2023-03-21T21:22:58 MSK" duration-ms="34947">
      <class name="tests.CheckoutPageTest">
        <test-method is-config="true" signature="setUp(java.lang.String, org.testng.ITestContext)[pri:0, instance:tests.CheckoutPageTest@720653c2]" started-at="2023-03-21T21:22:23 MSK" name="setUp" finished-at="2023-03-21T21:22:30 MSK" duration-ms="6895" status="PASS">
          <params>
            <param index="0">
              <value>
                <![CDATA[chrome]]>
              </value>
            </param>
            <param index="1">
              <value>
                <![CDATA[org.testng.TestRunner@13a37e2a]]>
              </value>
            </param>
          </params>
          <reporter-output>
          </reporter-output>
        </test-method> <!-- setUp -->
        <test-method signature="checkoutPageWorks()[pri:0, instance:tests.CheckoutPageTest@720653c2]" started-at="2023-03-21T21:22:31 MSK" name="checkoutPageWorks" description="Check if the user can enter data for the purchase of goods" finished-at="2023-03-21T21:22:36 MSK" duration-ms="5826" status="PASS">
          <reporter-output>
          </reporter-output>
        </test-method> <!-- checkoutPageWorks -->
        <test-method is-config="true" signature="tearDown()[pri:0, instance:tests.CheckoutPageTest@720653c2]" started-at="2023-03-21T21:22:37 MSK" name="tearDown" finished-at="2023-03-21T21:22:40 MSK" duration-ms="2796" status="PASS">
          <reporter-output>
          </reporter-output>
        </test-method> <!-- tearDown -->
        <test-method is-config="true" signature="setUp(java.lang.String, org.testng.ITestContext)[pri:0, instance:tests.CheckoutPageTest@720653c2]" started-at="2023-03-21T21:22:40 MSK" name="setUp" finished-at="2023-03-21T21:22:43 MSK" duration-ms="2340" status="PASS">
          <params>
            <param index="0">
              <value>
                <![CDATA[chrome]]>
              </value>
            </param>
            <param index="1">
              <value>
                <![CDATA[org.testng.TestRunner@13a37e2a]]>
              </value>
            </param>
          </params>
          <reporter-output>
          </reporter-output>
        </test-method> <!-- setUp -->
        <test-method signature="negativeCheckout(java.lang.String, java.lang.String, java.lang.String, java.lang.String)[pri:0, instance:tests.CheckoutPageTest@720653c2]" started-at="2023-03-21T21:22:43 MSK" name="negativeCheckout" description="Negative checkout" data-provider="Входящие данные для негативных тестов на оформление заказа" finished-at="2023-03-21T21:22:46 MSK" duration-ms="3052" status="PASS">
          <params>
            <param index="0">
              <value>
                <![CDATA[]]>
              </value>
            </param>
            <param index="1">
              <value>
                <![CDATA[]]>
              </value>
            </param>
            <param index="2">
              <value>
                <![CDATA[]]>
              </value>
            </param>
            <param index="3">
              <value>
                <![CDATA[Error: First Name is required]]>
              </value>
            </param>
          </params>
          <reporter-output>
          </reporter-output>
        </test-method> <!-- negativeCheckout -->
        <test-method is-config="true" signature="tearDown()[pri:0, instance:tests.CheckoutPageTest@720653c2]" started-at="2023-03-21T21:22:47 MSK" name="tearDown" finished-at="2023-03-21T21:22:48 MSK" duration-ms="1402" status="PASS">
          <reporter-output>
          </reporter-output>
        </test-method> <!-- tearDown -->
        <test-method is-config="true" signature="setUp(java.lang.String, org.testng.ITestContext)[pri:0, instance:tests.CheckoutPageTest@720653c2]" started-at="2023-03-21T21:22:48 MSK" name="setUp" finished-at="2023-03-21T21:22:49 MSK" duration-ms="1092" status="PASS">
          <params>
            <param index="0">
              <value>
                <![CDATA[chrome]]>
              </value>
            </param>
            <param index="1">
              <value>
                <![CDATA[org.testng.TestRunner@13a37e2a]]>
              </value>
            </param>
          </params>
          <reporter-output>
          </reporter-output>
        </test-method> <!-- setUp -->
        <test-method signature="negativeCheckout(java.lang.String, java.lang.String, java.lang.String, java.lang.String)[pri:0, instance:tests.CheckoutPageTest@720653c2]" started-at="2023-03-21T21:22:49 MSK" name="negativeCheckout" description="Negative checkout" data-provider="Входящие данные для негативных тестов на оформление заказа" finished-at="2023-03-21T21:22:51 MSK" duration-ms="1893" status="PASS">
          <params>
            <param index="0">
              <value>
                <![CDATA[ppp]]>
              </value>
            </param>
            <param index="1">
              <value>
                <![CDATA[]]>
              </value>
            </param>
            <param index="2">
              <value>
                <![CDATA[ppp]]>
              </value>
            </param>
            <param index="3">
              <value>
                <![CDATA[Error: Last Name is required]]>
              </value>
            </param>
          </params>
          <reporter-output>
          </reporter-output>
        </test-method> <!-- negativeCheckout -->
        <test-method is-config="true" signature="tearDown()[pri:0, instance:tests.CheckoutPageTest@720653c2]" started-at="2023-03-21T21:22:52 MSK" name="tearDown" finished-at="2023-03-21T21:22:53 MSK" duration-ms="1547" status="PASS">
          <reporter-output>
          </reporter-output>
        </test-method> <!-- tearDown -->
        <test-method is-config="true" signature="setUp(java.lang.String, org.testng.ITestContext)[pri:0, instance:tests.CheckoutPageTest@720653c2]" started-at="2023-03-21T21:22:53 MSK" name="setUp" finished-at="2023-03-21T21:22:55 MSK" duration-ms="1307" status="PASS">
          <params>
            <param index="0">
              <value>
                <![CDATA[chrome]]>
              </value>
            </param>
            <param index="1">
              <value>
                <![CDATA[org.testng.TestRunner@13a37e2a]]>
              </value>
            </param>
          </params>
          <reporter-output>
          </reporter-output>
        </test-method> <!-- setUp -->
        <test-method signature="negativeCheckout(java.lang.String, java.lang.String, java.lang.String, java.lang.String)[pri:0, instance:tests.CheckoutPageTest@720653c2]" started-at="2023-03-21T21:22:55 MSK" name="negativeCheckout" description="Negative checkout" data-provider="Входящие данные для негативных тестов на оформление заказа" finished-at="2023-03-21T21:22:57 MSK" duration-ms="2058" status="PASS">
          <params>
            <param index="0">
              <value>
                <![CDATA[ppp]]>
              </value>
            </param>
            <param index="1">
              <value>
                <![CDATA[ppp]]>
              </value>
            </param>
            <param index="2">
              <value>
                <![CDATA[]]>
              </value>
            </param>
            <param index="3">
              <value>
                <![CDATA[Error: Postal Code is required]]>
              </value>
            </param>
          </params>
          <reporter-output>
          </reporter-output>
        </test-method> <!-- negativeCheckout -->
        <test-method is-config="true" signature="tearDown()[pri:0, instance:tests.CheckoutPageTest@720653c2]" started-at="2023-03-21T21:22:58 MSK" name="tearDown" finished-at="2023-03-21T21:22:58 MSK" duration-ms="276" status="PASS">
          <reporter-output>
          </reporter-output>
        </test-method> <!-- tearDown -->
      </class> <!-- tests.CheckoutPageTest -->
    </test> <!-- Thread #4 -->
    <test started-at="2023-03-21T21:22:23 MSK" name="Thread #1" finished-at="2023-03-21T21:23:05 MSK" duration-ms="41374">
      <class name="tests.LoginTest">
        <test-method is-config="true" signature="setUp(java.lang.String, org.testng.ITestContext)[pri:0, instance:tests.LoginTest@4303b7f0]" started-at="2023-03-21T21:22:23 MSK" name="setUp" finished-at="2023-03-21T21:22:31 MSK" duration-ms="7972" status="PASS">
          <params>
            <param index="0">
              <value>
                <![CDATA[chrome]]>
              </value>
            </param>
            <param index="1">
              <value>
                <![CDATA[org.testng.TestRunner@6b1e7ad3]]>
              </value>
            </param>
          </params>
          <reporter-output>
          </reporter-output>
        </test-method> <!-- setUp -->
        <test-method signature="loginWorks()[pri:0, instance:tests.LoginTest@4303b7f0]" started-at="2023-03-21T21:22:31 MSK" name="loginWorks" description="Check if user can log in" finished-at="2023-03-21T21:22:36 MSK" duration-ms="4334" status="PASS">
          <reporter-output>
          </reporter-output>
        </test-method> <!-- loginWorks -->
        <test-method is-config="true" signature="tearDown()[pri:0, instance:tests.LoginTest@4303b7f0]" started-at="2023-03-21T21:22:39 MSK" name="tearDown" finished-at="2023-03-21T21:22:41 MSK" duration-ms="1725" status="PASS">
          <reporter-output>
          </reporter-output>
        </test-method> <!-- tearDown -->
        <test-method is-config="true" signature="setUp(java.lang.String, org.testng.ITestContext)[pri:0, instance:tests.LoginTest@4303b7f0]" started-at="2023-03-21T21:22:41 MSK" name="setUp" finished-at="2023-03-21T21:22:43 MSK" duration-ms="2386" status="PASS">
          <params>
            <param index="0">
              <value>
                <![CDATA[chrome]]>
              </value>
            </param>
            <param index="1">
              <value>
                <![CDATA[org.testng.TestRunner@6b1e7ad3]]>
              </value>
            </param>
          </params>
          <reporter-output>
          </reporter-output>
        </test-method> <!-- setUp -->
        <test-method signature="negativeLogin(java.lang.String, java.lang.String, java.lang.String)[pri:0, instance:tests.LoginTest@4303b7f0]" started-at="2023-03-21T21:22:43 MSK" name="negativeLogin" description="Negative login" data-provider="Входящие данные для негативных тестов на логин" finished-at="2023-03-21T21:22:45 MSK" duration-ms="1501" status="PASS">
          <params>
            <param index="0">
              <value>
                <![CDATA[]]>
              </value>
            </param>
            <param index="1">
              <value>
                <![CDATA[]]>
              </value>
            </param>
            <param index="2">
              <value>
                <![CDATA[Epic sadface: Username is required]]>
              </value>
            </param>
          </params>
          <reporter-output>
          </reporter-output>
        </test-method> <!-- negativeLogin -->
        <test-method is-config="true" signature="tearDown()[pri:0, instance:tests.LoginTest@4303b7f0]" started-at="2023-03-21T21:22:46 MSK" name="tearDown" finished-at="2023-03-21T21:22:46 MSK" duration-ms="421" status="PASS">
          <reporter-output>
          </reporter-output>
        </test-method> <!-- tearDown -->
        <test-method is-config="true" signature="setUp(java.lang.String, org.testng.ITestContext)[pri:0, instance:tests.LoginTest@4303b7f0]" started-at="2023-03-21T21:22:46 MSK" name="setUp" finished-at="2023-03-21T21:22:48 MSK" duration-ms="1251" status="PASS">
          <params>
            <param index="0">
              <value>
                <![CDATA[chrome]]>
              </value>
            </param>
            <param index="1">
              <value>
                <![CDATA[org.testng.TestRunner@6b1e7ad3]]>
              </value>
            </param>
          </params>
          <reporter-output>
          </reporter-output>
        </test-method> <!-- setUp -->
        <test-method signature="negativeLogin(java.lang.String, java.lang.String, java.lang.String)[pri:0, instance:tests.LoginTest@4303b7f0]" started-at="2023-03-21T21:22:48 MSK" name="negativeLogin" description="Negative login" data-provider="Входящие данные для негативных тестов на логин" finished-at="2023-03-21T21:22:50 MSK" duration-ms="2287" status="PASS">
          <params>
            <param index="0">
              <value>
                <![CDATA[p]]>
              </value>
            </param>
            <param index="1">
              <value>
                <![CDATA[p]]>
              </value>
            </param>
            <param index="2">
              <value>
                <![CDATA[Epic sadface: Username and password do not match any user in this service]]>
              </value>
            </param>
          </params>
          <reporter-output>
          </reporter-output>
        </test-method> <!-- negativeLogin -->
        <test-method is-config="true" signature="tearDown()[pri:0, instance:tests.LoginTest@4303b7f0]" started-at="2023-03-21T21:22:51 MSK" name="tearDown" finished-at="2023-03-21T21:22:52 MSK" duration-ms="162" status="PASS">
          <reporter-output>
          </reporter-output>
        </test-method> <!-- tearDown -->
        <test-method is-config="true" signature="setUp(java.lang.String, org.testng.ITestContext)[pri:0, instance:tests.LoginTest@4303b7f0]" started-at="2023-03-21T21:22:52 MSK" name="setUp" finished-at="2023-03-21T21:22:53 MSK" duration-ms="1296" status="PASS">
          <params>
            <param index="0">
              <value>
                <![CDATA[chrome]]>
              </value>
            </param>
            <param index="1">
              <value>
                <![CDATA[org.testng.TestRunner@6b1e7ad3]]>
              </value>
            </param>
          </params>
          <reporter-output>
          </reporter-output>
        </test-method> <!-- setUp -->
        <test-method signature="negativeLogin(java.lang.String, java.lang.String, java.lang.String)[pri:0, instance:tests.LoginTest@4303b7f0]" started-at="2023-03-21T21:22:53 MSK" name="negativeLogin" description="Negative login" data-provider="Входящие данные для негативных тестов на логин" finished-at="2023-03-21T21:22:55 MSK" duration-ms="1829" status="PASS">
          <params>
            <param index="0">
              <value>
                <![CDATA[standard_user]]>
              </value>
            </param>
            <param index="1">
              <value>
                <![CDATA[]]>
              </value>
            </param>
            <param index="2">
              <value>
                <![CDATA[Epic sadface: Password is required]]>
              </value>
            </param>
          </params>
          <reporter-output>
          </reporter-output>
        </test-method> <!-- negativeLogin -->
        <test-method is-config="true" signature="tearDown()[pri:0, instance:tests.LoginTest@4303b7f0]" started-at="2023-03-21T21:22:56 MSK" name="tearDown" finished-at="2023-03-21T21:22:56 MSK" duration-ms="363" status="PASS">
          <reporter-output>
          </reporter-output>
        </test-method> <!-- tearDown -->
        <test-method is-config="true" signature="setUp(java.lang.String, org.testng.ITestContext)[pri:0, instance:tests.LoginTest@4303b7f0]" started-at="2023-03-21T21:22:56 MSK" name="setUp" finished-at="2023-03-21T21:22:58 MSK" duration-ms="1144" status="PASS">
          <params>
            <param index="0">
              <value>
                <![CDATA[chrome]]>
              </value>
            </param>
            <param index="1">
              <value>
                <![CDATA[org.testng.TestRunner@6b1e7ad3]]>
              </value>
            </param>
          </params>
          <reporter-output>
          </reporter-output>
        </test-method> <!-- setUp -->
        <test-method signature="negativeLogin(java.lang.String, java.lang.String, java.lang.String)[pri:0, instance:tests.LoginTest@4303b7f0]" started-at="2023-03-21T21:22:58 MSK" name="negativeLogin" description="Negative login" data-provider="Входящие данные для негативных тестов на логин" finished-at="2023-03-21T21:22:59 MSK" duration-ms="1344" status="PASS">
          <params>
            <param index="0">
              <value>
                <![CDATA[]]>
              </value>
            </param>
            <param index="1">
              <value>
                <![CDATA[secret_sauce]]>
              </value>
            </param>
            <param index="2">
              <value>
                <![CDATA[Epic sadface: Username is required]]>
              </value>
            </param>
          </params>
          <reporter-output>
          </reporter-output>
        </test-method> <!-- negativeLogin -->
        <test-method is-config="true" signature="tearDown()[pri:0, instance:tests.LoginTest@4303b7f0]" started-at="2023-03-21T21:23:00 MSK" name="tearDown" finished-at="2023-03-21T21:23:00 MSK" duration-ms="188" status="PASS">
          <reporter-output>
          </reporter-output>
        </test-method> <!-- tearDown -->
        <test-method is-config="true" signature="setUp(java.lang.String, org.testng.ITestContext)[pri:0, instance:tests.LoginTest@4303b7f0]" started-at="2023-03-21T21:23:00 MSK" name="setUp" finished-at="2023-03-21T21:23:02 MSK" duration-ms="1166" status="PASS">
          <params>
            <param index="0">
              <value>
                <![CDATA[chrome]]>
              </value>
            </param>
            <param index="1">
              <value>
                <![CDATA[org.testng.TestRunner@6b1e7ad3]]>
              </value>
            </param>
          </params>
          <reporter-output>
          </reporter-output>
        </test-method> <!-- setUp -->
        <test-method signature="negativeLogin(java.lang.String, java.lang.String, java.lang.String)[pri:0, instance:tests.LoginTest@4303b7f0]" started-at="2023-03-21T21:23:02 MSK" name="negativeLogin" description="Negative login" data-provider="Входящие данные для негативных тестов на логин" finished-at="2023-03-21T21:23:03 MSK" duration-ms="1271" status="PASS">
          <params>
            <param index="0">
              <value>
                <![CDATA[locked_out_user]]>
              </value>
            </param>
            <param index="1">
              <value>
                <![CDATA[secret_sauce]]>
              </value>
            </param>
            <param index="2">
              <value>
                <![CDATA[Epic sadface: Sorry, this user has been locked out.]]>
              </value>
            </param>
          </params>
          <reporter-output>
          </reporter-output>
        </test-method> <!-- negativeLogin -->
        <test-method is-config="true" signature="tearDown()[pri:0, instance:tests.LoginTest@4303b7f0]" started-at="2023-03-21T21:23:04 MSK" name="tearDown" finished-at="2023-03-21T21:23:05 MSK" duration-ms="184" status="PASS">
          <reporter-output>
          </reporter-output>
        </test-method> <!-- tearDown -->
      </class> <!-- tests.LoginTest -->
    </test> <!-- Thread #1 -->
  </suite> <!-- Smoke Test -->
</testng-results>
